2023-04-06T22:40:20+00:00 DEBUG tt4b_product_sync: missing access token for tt4b_product_sync
2023-04-06T22:42:19+00:00 DEBUG tt4b_product_sync: missing access token for tt4b_product_sync
2023-04-06T22:43:56+00:00 DEBUG tt4b_product_sync: missing access token for tt4b_product_sync
2023-04-06T22:46:00+00:00 DEBUG tt4b_product_sync: missing access token for tt4b_product_sync
2023-04-06T22:49:07+00:00 DEBUG tt4b_product_sync: missing access token for tt4b_product_sync
2023-04-06T22:50:42+00:00 DEBUG tt4b_product_sync: missing access token for tt4b_product_sync
2023-04-06T22:58:27+00:00 DEBUG Tt4b_Pixel_Class::inject_view_content_event: hit injectViewContentEvent
2023-04-06T22:58:27+00:00 DEBUG Tt4b_Pixel_Class::inject_view_content_event: Missing option "access_token"
2023-04-06T23:06:06+00:00 DEBUG tt4b_product_sync: missing access token for tt4b_product_sync
2023-04-06T23:06:23+00:00 DEBUG Tt4b_Pixel_Class::inject_view_content_event: hit injectViewContentEvent
2023-04-06T23:06:23+00:00 DEBUG Tt4b_Pixel_Class::inject_view_content_event: Missing option "access_token"
2023-04-06T23:10:26+00:00 DEBUG tt4b_product_sync: missing access token for tt4b_product_sync
2023-04-06T23:10:42+00:00 DEBUG Tt4b_Pixel_Class::inject_view_content_event: hit injectViewContentEvent
2023-04-06T23:10:42+00:00 DEBUG Tt4b_Pixel_Class::inject_view_content_event: Missing option "access_token"
2023-04-06T23:12:49+00:00 DEBUG tt4b_product_sync: missing access token for tt4b_product_sync
2023-04-06T23:14:06+00:00 DEBUG tt4b_product_sync: missing access token for tt4b_product_sync
2023-04-06T23:14:21+00:00 DEBUG Tt4b_Pixel_Class::inject_view_content_event: hit injectViewContentEvent
2023-04-06T23:14:21+00:00 DEBUG Tt4b_Pixel_Class::inject_view_content_event: Missing option "access_token"
2023-04-06T23:23:01+00:00 DEBUG Tt4b_Pixel_Class::inject_view_content_event: hit injectViewContentEvent
2023-04-06T23:23:01+00:00 DEBUG Tt4b_Pixel_Class::inject_view_content_event: Missing option "access_token"
2023-04-06T23:23:53+00:00 DEBUG Tt4b_Pixel_Class::inject_view_content_event: hit injectViewContentEvent
2023-04-06T23:23:53+00:00 DEBUG Tt4b_Pixel_Class::inject_view_content_event: Missing option "access_token"
2023-04-06T23:25:48+00:00 DEBUG Tt4b_Pixel_Class::inject_view_content_event: hit injectViewContentEvent
2023-04-06T23:25:48+00:00 DEBUG Tt4b_Pixel_Class::inject_view_content_event: Missing option "access_token"
2023-04-06T23:27:07+00:00 DEBUG Tt4b_Pixel_Class::inject_add_to_cart_event: hit injectAddToCartEvent
2023-04-06T23:27:07+00:00 DEBUG Tt4b_Pixel_Class::inject_add_to_cart_event: Missing option "access_token"
