2023-04-07T00:00:36+00:00 DEBUG Tt4b_Pixel_Class::inject_view_content_event: hit injectViewContentEvent
2023-04-07T00:00:36+00:00 DEBUG Tt4b_Pixel_Class::inject_view_content_event: Missing option "access_token"
2023-04-07T00:01:03+00:00 DEBUG Tt4b_Pixel_Class::inject_view_content_event: hit injectViewContentEvent
2023-04-07T00:01:03+00:00 DEBUG Tt4b_Pixel_Class::inject_view_content_event: Missing option "access_token"
2023-04-07T00:01:33+00:00 DEBUG Tt4b_Pixel_Class::inject_view_content_event: hit injectViewContentEvent
2023-04-07T00:01:33+00:00 DEBUG Tt4b_Pixel_Class::inject_view_content_event: Missing option "access_token"
2023-04-07T00:02:02+00:00 DEBUG Tt4b_Pixel_Class::inject_view_content_event: hit injectViewContentEvent
2023-04-07T00:02:02+00:00 DEBUG Tt4b_Pixel_Class::inject_view_content_event: Missing option "access_token"
2023-04-07T00:02:22+00:00 DEBUG Tt4b_Pixel_Class::inject_view_content_event: hit injectViewContentEvent
2023-04-07T00:02:22+00:00 DEBUG Tt4b_Pixel_Class::inject_view_content_event: Missing option "access_token"
2023-04-07T00:02:43+00:00 DEBUG Tt4b_Pixel_Class::inject_view_content_event: hit injectViewContentEvent
2023-04-07T00:02:43+00:00 DEBUG Tt4b_Pixel_Class::inject_view_content_event: Missing option "access_token"
2023-04-07T00:03:05+00:00 DEBUG Tt4b_Pixel_Class::inject_view_content_event: hit injectViewContentEvent
2023-04-07T00:03:05+00:00 DEBUG Tt4b_Pixel_Class::inject_view_content_event: Missing option "access_token"
2023-04-07T00:03:55+00:00 DEBUG Tt4b_Pixel_Class::inject_view_content_event: hit injectViewContentEvent
2023-04-07T00:03:55+00:00 DEBUG Tt4b_Pixel_Class::inject_view_content_event: Missing option "access_token"
2023-04-07T00:04:58+00:00 DEBUG Tt4b_Pixel_Class::inject_view_content_event: hit injectViewContentEvent
2023-04-07T00:04:58+00:00 DEBUG Tt4b_Pixel_Class::inject_view_content_event: Missing option "access_token"
2023-04-07T00:05:35+00:00 DEBUG Tt4b_Pixel_Class::inject_view_content_event: hit injectViewContentEvent
2023-04-07T00:05:35+00:00 DEBUG Tt4b_Pixel_Class::inject_view_content_event: Missing option "access_token"
2023-04-07T00:05:52+00:00 DEBUG Tt4b_Pixel_Class::inject_view_content_event: hit injectViewContentEvent
2023-04-07T00:05:52+00:00 DEBUG Tt4b_Pixel_Class::inject_view_content_event: Missing option "access_token"
2023-04-07T00:09:18+00:00 DEBUG Tt4b_Pixel_Class::inject_view_content_event: hit injectViewContentEvent
2023-04-07T00:09:18+00:00 DEBUG Tt4b_Pixel_Class::inject_view_content_event: Missing option "access_token"
2023-04-07T00:10:18+00:00 DEBUG Tt4b_Pixel_Class::inject_view_content_event: hit injectViewContentEvent
2023-04-07T00:10:18+00:00 DEBUG Tt4b_Pixel_Class::inject_view_content_event: Missing option "access_token"
2023-04-07T00:44:02+00:00 DEBUG Tt4b_Pixel_Class::inject_view_content_event: hit injectViewContentEvent
2023-04-07T00:44:02+00:00 DEBUG Tt4b_Pixel_Class::inject_view_content_event: Missing option "access_token"
2023-04-07T00:46:01+00:00 DEBUG Tt4b_Pixel_Class::inject_view_content_event: hit injectViewContentEvent
2023-04-07T00:46:01+00:00 DEBUG Tt4b_Pixel_Class::inject_view_content_event: Missing option "access_token"
2023-04-07T00:53:22+00:00 DEBUG tt4b_product_sync: missing access token for tt4b_product_sync
2023-04-07T00:53:38+00:00 DEBUG tt4b_product_sync: missing access token for tt4b_product_sync
2023-04-07T00:54:26+00:00 DEBUG tt4b_product_sync: missing access token for tt4b_product_sync
2023-04-07T10:35:10+00:00 DEBUG Tt4b_Pixel_Class::inject_view_content_event: hit injectViewContentEvent
2023-04-07T10:35:10+00:00 DEBUG Tt4b_Pixel_Class::inject_view_content_event: Missing option "access_token"
2023-04-07T11:44:07+00:00 DEBUG Tt4b_Pixel_Class::inject_view_content_event: hit injectViewContentEvent
2023-04-07T11:44:07+00:00 DEBUG Tt4b_Pixel_Class::inject_view_content_event: Missing option "access_token"
2023-04-07T11:54:28+00:00 DEBUG tt4b_product_sync: missing access token for tt4b_product_sync
2023-04-07T11:54:57+00:00 DEBUG Tt4b_Pixel_Class::inject_view_content_event: hit injectViewContentEvent
2023-04-07T11:54:57+00:00 DEBUG Tt4b_Pixel_Class::inject_view_content_event: Missing option "access_token"
2023-04-07T14:33:42+00:00 DEBUG tt4b_product_sync: missing access token for tt4b_product_sync
2023-04-07T14:39:10+00:00 DEBUG tt4b_product_sync: missing access token for tt4b_product_sync
2023-04-07T14:39:27+00:00 DEBUG Tt4b_Pixel_Class::inject_view_content_event: hit injectViewContentEvent
2023-04-07T14:39:27+00:00 DEBUG Tt4b_Pixel_Class::inject_view_content_event: Missing option "access_token"
2023-04-07T14:59:51+00:00 DEBUG tt4b_product_sync: missing access token for tt4b_product_sync
2023-04-07T15:00:22+00:00 DEBUG tt4b_product_sync: missing access token for tt4b_product_sync
2023-04-07T15:00:27+00:00 DEBUG tt4b_product_sync: missing access token for tt4b_product_sync
2023-04-07T15:00:31+00:00 DEBUG tt4b_product_sync: missing access token for tt4b_product_sync
2023-04-07T15:00:37+00:00 DEBUG tt4b_product_sync: missing access token for tt4b_product_sync
2023-04-07T15:00:44+00:00 DEBUG tt4b_product_sync: missing access token for tt4b_product_sync
2023-04-07T15:05:36+00:00 DEBUG tt4b_product_sync: missing access token for tt4b_product_sync
2023-04-07T18:27:49+00:00 DEBUG tt4b_product_sync: missing access token for tt4b_product_sync
2023-04-07T18:28:57+00:00 DEBUG tt4b_product_sync: missing access token for tt4b_product_sync
2023-04-07T18:29:14+00:00 DEBUG Tt4b_Pixel_Class::inject_view_content_event: hit injectViewContentEvent
2023-04-07T18:29:14+00:00 DEBUG Tt4b_Pixel_Class::inject_view_content_event: Missing option "access_token"
2023-04-07T18:30:26+00:00 DEBUG Tt4b_Pixel_Class::inject_view_content_event: hit injectViewContentEvent
2023-04-07T18:30:26+00:00 DEBUG Tt4b_Pixel_Class::inject_view_content_event: Missing option "access_token"
2023-04-07T18:31:26+00:00 DEBUG Tt4b_Pixel_Class::inject_view_content_event: hit injectViewContentEvent
2023-04-07T18:31:26+00:00 DEBUG Tt4b_Pixel_Class::inject_view_content_event: Missing option "access_token"
2023-04-07T18:31:42+00:00 DEBUG Tt4b_Pixel_Class::inject_view_content_event: hit injectViewContentEvent
2023-04-07T18:31:42+00:00 DEBUG Tt4b_Pixel_Class::inject_view_content_event: Missing option "access_token"
2023-04-07T18:32:39+00:00 DEBUG Tt4b_Pixel_Class::inject_view_content_event: hit injectViewContentEvent
2023-04-07T18:32:39+00:00 DEBUG Tt4b_Pixel_Class::inject_view_content_event: Missing option "access_token"
2023-04-07T18:33:52+00:00 DEBUG Tt4b_Pixel_Class::inject_view_content_event: hit injectViewContentEvent
2023-04-07T18:33:52+00:00 DEBUG Tt4b_Pixel_Class::inject_view_content_event: Missing option "access_token"
2023-04-07T19:24:53+00:00 DEBUG tt4b_product_sync: missing access token for tt4b_product_sync
2023-04-07T19:25:24+00:00 DEBUG tt4b_product_sync: missing access token for tt4b_product_sync
2023-04-07T19:25:42+00:00 DEBUG tt4b_product_sync: missing access token for tt4b_product_sync
2023-04-07T19:31:36+00:00 DEBUG tt4b_product_sync: missing access token for tt4b_product_sync
2023-04-07T19:32:09+00:00 DEBUG tt4b_product_sync: missing access token for tt4b_product_sync
2023-04-07T19:32:29+00:00 DEBUG Tt4b_Pixel_Class::inject_view_content_event: hit injectViewContentEvent
2023-04-07T19:32:29+00:00 DEBUG Tt4b_Pixel_Class::inject_view_content_event: Missing option "access_token"
2023-04-07T19:36:30+00:00 DEBUG tt4b_product_sync: missing access token for tt4b_product_sync
2023-04-07T19:37:20+00:00 DEBUG Tt4b_Pixel_Class::inject_view_content_event: hit injectViewContentEvent
2023-04-07T19:37:20+00:00 DEBUG Tt4b_Pixel_Class::inject_view_content_event: Missing option "access_token"
2023-04-07T19:40:00+00:00 DEBUG tt4b_product_sync: missing access token for tt4b_product_sync
2023-04-07T19:41:23+00:00 DEBUG tt4b_product_sync: missing access token for tt4b_product_sync
2023-04-07T19:46:15+00:00 DEBUG tt4b_product_sync: missing access token for tt4b_product_sync
2023-04-07T19:46:40+00:00 DEBUG Tt4b_Pixel_Class::inject_view_content_event: hit injectViewContentEvent
2023-04-07T19:46:40+00:00 DEBUG Tt4b_Pixel_Class::inject_view_content_event: Missing option "access_token"
2023-04-07T19:47:35+00:00 DEBUG Tt4b_Pixel_Class::inject_view_content_event: hit injectViewContentEvent
2023-04-07T19:47:35+00:00 DEBUG Tt4b_Pixel_Class::inject_view_content_event: Missing option "access_token"
2023-04-07T19:52:04+00:00 DEBUG Tt4b_Pixel_Class::inject_view_content_event: hit injectViewContentEvent
2023-04-07T19:52:04+00:00 DEBUG Tt4b_Pixel_Class::inject_view_content_event: Missing option "access_token"
2023-04-07T19:52:37+00:00 DEBUG Tt4b_Pixel_Class::inject_view_content_event: hit injectViewContentEvent
2023-04-07T19:52:37+00:00 DEBUG Tt4b_Pixel_Class::inject_view_content_event: Missing option "access_token"
2023-04-07T19:55:34+00:00 DEBUG tt4b_product_sync: missing access token for tt4b_product_sync
2023-04-07T19:56:04+00:00 DEBUG tt4b_product_sync: missing access token for tt4b_product_sync
2023-04-07T19:57:18+00:00 DEBUG tt4b_product_sync: missing access token for tt4b_product_sync
2023-04-07T20:00:43+00:00 DEBUG tt4b_product_sync: missing access token for tt4b_product_sync
2023-04-07T20:03:11+00:00 DEBUG tt4b_product_sync: missing access token for tt4b_product_sync
2023-04-07T20:04:30+00:00 DEBUG Tt4b_Pixel_Class::inject_view_content_event: hit injectViewContentEvent
2023-04-07T20:04:30+00:00 DEBUG Tt4b_Pixel_Class::inject_view_content_event: Missing option "access_token"
2023-04-07T21:56:45+00:00 DEBUG tt4b_product_sync: missing access token for tt4b_product_sync
2023-04-07T21:57:54+00:00 DEBUG tt4b_product_sync: missing access token for tt4b_product_sync
2023-04-07T22:07:53+00:00 DEBUG tt4b_product_sync: missing access token for tt4b_product_sync
2023-04-07T22:08:11+00:00 DEBUG Tt4b_Pixel_Class::inject_view_content_event: hit injectViewContentEvent
2023-04-07T22:08:11+00:00 DEBUG Tt4b_Pixel_Class::inject_view_content_event: Missing option "access_token"
2023-04-07T22:09:27+00:00 DEBUG tt4b_product_sync: missing access token for tt4b_product_sync
2023-04-07T22:10:48+00:00 DEBUG tt4b_product_sync: missing access token for tt4b_product_sync
2023-04-07T22:12:00+00:00 DEBUG tt4b_product_sync: missing access token for tt4b_product_sync
2023-04-07T22:20:48+00:00 DEBUG tt4b_product_sync: missing access token for tt4b_product_sync
2023-04-07T22:22:46+00:00 DEBUG tt4b_product_sync: missing access token for tt4b_product_sync
2023-04-07T22:25:13+00:00 DEBUG tt4b_product_sync: missing access token for tt4b_product_sync
2023-04-07T22:25:21+00:00 DEBUG tt4b_product_sync: missing access token for tt4b_product_sync
2023-04-07T22:25:51+00:00 DEBUG Tt4b_Pixel_Class::inject_view_content_event: hit injectViewContentEvent
2023-04-07T22:25:51+00:00 DEBUG Tt4b_Pixel_Class::inject_view_content_event: Missing option "access_token"
2023-04-07T22:26:12+00:00 DEBUG Tt4b_Pixel_Class::inject_view_content_event: hit injectViewContentEvent
2023-04-07T22:26:12+00:00 DEBUG Tt4b_Pixel_Class::inject_view_content_event: Missing option "access_token"
2023-04-07T22:31:26+00:00 DEBUG tt4b_product_sync: missing access token for tt4b_product_sync
2023-04-07T22:31:40+00:00 DEBUG Tt4b_Pixel_Class::inject_view_content_event: hit injectViewContentEvent
2023-04-07T22:31:40+00:00 DEBUG Tt4b_Pixel_Class::inject_view_content_event: Missing option "access_token"
2023-04-07T22:34:02+00:00 DEBUG tt4b_product_sync: missing access token for tt4b_product_sync
2023-04-07T22:34:54+00:00 DEBUG tt4b_product_sync: missing access token for tt4b_product_sync
2023-04-07T22:38:48+00:00 DEBUG tt4b_product_sync: missing access token for tt4b_product_sync
2023-04-07T22:39:13+00:00 DEBUG tt4b_product_sync: missing access token for tt4b_product_sync
2023-04-07T22:43:36+00:00 DEBUG tt4b_product_sync: missing access token for tt4b_product_sync
2023-04-07T22:43:53+00:00 DEBUG Tt4b_Pixel_Class::inject_view_content_event: hit injectViewContentEvent
2023-04-07T22:43:53+00:00 DEBUG Tt4b_Pixel_Class::inject_view_content_event: Missing option "access_token"
2023-04-07T22:45:23+00:00 DEBUG Tt4b_Pixel_Class::inject_view_content_event: hit injectViewContentEvent
2023-04-07T22:45:23+00:00 DEBUG Tt4b_Pixel_Class::inject_view_content_event: Missing option "access_token"
2023-04-07T22:48:57+00:00 DEBUG Tt4b_Pixel_Class::inject_view_content_event: hit injectViewContentEvent
2023-04-07T22:48:57+00:00 DEBUG Tt4b_Pixel_Class::inject_view_content_event: Missing option "access_token"
2023-04-07T22:53:46+00:00 DEBUG tt4b_product_sync: missing access token for tt4b_product_sync
2023-04-07T22:54:03+00:00 DEBUG Tt4b_Pixel_Class::inject_view_content_event: hit injectViewContentEvent
2023-04-07T22:54:03+00:00 DEBUG Tt4b_Pixel_Class::inject_view_content_event: Missing option "access_token"
2023-04-07T22:54:30+00:00 DEBUG Tt4b_Pixel_Class::inject_view_content_event: hit injectViewContentEvent
2023-04-07T22:54:30+00:00 DEBUG Tt4b_Pixel_Class::inject_view_content_event: Missing option "access_token"
2023-04-07T22:56:09+00:00 DEBUG tt4b_product_sync: missing access token for tt4b_product_sync
2023-04-07T22:56:23+00:00 DEBUG Tt4b_Pixel_Class::inject_view_content_event: hit injectViewContentEvent
2023-04-07T22:56:23+00:00 DEBUG Tt4b_Pixel_Class::inject_view_content_event: Missing option "access_token"
2023-04-07T22:57:01+00:00 DEBUG Tt4b_Pixel_Class::inject_view_content_event: hit injectViewContentEvent
2023-04-07T22:57:01+00:00 DEBUG Tt4b_Pixel_Class::inject_view_content_event: Missing option "access_token"
2023-04-07T22:58:44+00:00 DEBUG tt4b_product_sync: missing access token for tt4b_product_sync
2023-04-07T22:59:01+00:00 DEBUG Tt4b_Pixel_Class::inject_view_content_event: hit injectViewContentEvent
2023-04-07T22:59:01+00:00 DEBUG Tt4b_Pixel_Class::inject_view_content_event: Missing option "access_token"
2023-04-07T22:59:19+00:00 DEBUG Tt4b_Pixel_Class::inject_add_to_cart_event: hit injectAddToCartEvent
2023-04-07T22:59:19+00:00 DEBUG Tt4b_Pixel_Class::inject_add_to_cart_event: Missing option "access_token"
2023-04-07T22:59:22+00:00 DEBUG Tt4b_Pixel_Class::inject_view_content_event: hit injectViewContentEvent
2023-04-07T22:59:22+00:00 DEBUG Tt4b_Pixel_Class::inject_view_content_event: Missing option "access_token"
2023-04-07T22:59:54+00:00 DEBUG Tt4b_Pixel_Class::inject_view_content_event: hit injectViewContentEvent
2023-04-07T22:59:54+00:00 DEBUG Tt4b_Pixel_Class::inject_view_content_event: Missing option "access_token"
2023-04-07T23:00:25+00:00 DEBUG Tt4b_Pixel_Class::inject_view_content_event: hit injectViewContentEvent
2023-04-07T23:00:25+00:00 DEBUG Tt4b_Pixel_Class::inject_view_content_event: Missing option "access_token"
2023-04-07T23:05:21+00:00 DEBUG tt4b_product_sync: missing access token for tt4b_product_sync
2023-04-07T23:05:39+00:00 DEBUG Tt4b_Pixel_Class::inject_view_content_event: hit injectViewContentEvent
2023-04-07T23:05:39+00:00 DEBUG Tt4b_Pixel_Class::inject_view_content_event: Missing option "access_token"
2023-04-07T23:38:43+00:00 DEBUG Tt4b_Pixel_Class::inject_view_content_event: hit injectViewContentEvent
2023-04-07T23:38:43+00:00 DEBUG Tt4b_Pixel_Class::inject_view_content_event: Missing option "access_token"
2023-04-07T23:39:27+00:00 DEBUG Tt4b_Pixel_Class::inject_view_content_event: hit injectViewContentEvent
2023-04-07T23:39:27+00:00 DEBUG Tt4b_Pixel_Class::inject_view_content_event: Missing option "access_token"
2023-04-07T23:41:26+00:00 DEBUG Tt4b_Pixel_Class::inject_view_content_event: hit injectViewContentEvent
2023-04-07T23:41:26+00:00 DEBUG Tt4b_Pixel_Class::inject_view_content_event: Missing option "access_token"
2023-04-07T23:43:03+00:00 DEBUG Tt4b_Pixel_Class::inject_view_content_event: hit injectViewContentEvent
2023-04-07T23:43:03+00:00 DEBUG Tt4b_Pixel_Class::inject_view_content_event: Missing option "access_token"
